  [4;36;1mSQL (1.0ms)[0m   [0;1m SELECT name
 FROM sqlite_master
 WHERE type = 'table' AND NOT name = 'sqlite_sequence'
[0m
  [4;35;1mSQL (0.3ms)[0m   [0mselect sqlite_version(*)[0m
  [4;36;1mSQL (156.7ms)[0m   [0;1mCREATE TABLE "schema_migrations" ("version" varchar(255) NOT NULL) [0m
  [4;35;1mSQL (0.9ms)[0m   [0mPRAGMA index_list("schema_migrations")[0m
  [4;36;1mSQL (79.6ms)[0m   [0;1mCREATE UNIQUE INDEX "unique_schema_migrations" ON "schema_migrations" ("version")[0m
  [4;35;1mSQL (0.8ms)[0m   [0m SELECT name
 FROM sqlite_master
 WHERE type = 'table' AND NOT name = 'sqlite_sequence'
[0m
  [4;36;1mSQL (0.6ms)[0m   [0;1mSELECT version FROM schema_migrations[0m
Migrating to CreateAccounts (20110617100622)
  [4;35;1mSQL (1.8ms)[0m   [0mCREATE TABLE "accounts" ("id" INTEGER PRIMARY KEY AUTOINCREMENT NOT NULL, "email" varchar(255), "password" varchar(255), "created_at" datetime, "updated_at" datetime) [0m
  [4;36;1mSQL (0.7ms)[0m   [0;1mINSERT INTO schema_migrations (version) VALUES ('20110617100622')[0m
Migrating to CreateSites (20110617101135)
  [4;35;1mSQL (1.4ms)[0m   [0mCREATE TABLE "sites" ("id" INTEGER PRIMARY KEY AUTOINCREMENT NOT NULL, "account_id" integer, "name" varchar(255), "url" varchar(255), "api_token" varchar(255), "created_at" datetime, "updated_at" datetime) [0m
  [4;36;1mSQL (0.4ms)[0m   [0;1mINSERT INTO schema_migrations (version) VALUES ('20110617101135')[0m
Migrating to CreateUsers (20110617101252)
  [4;35;1mSQL (1.0ms)[0m   [0mCREATE TABLE "users" ("id" INTEGER PRIMARY KEY AUTOINCREMENT NOT NULL, "site_id" integer, "email" varchar(255), "created_at" datetime, "updated_at" datetime) [0m
  [4;36;1mSQL (0.4ms)[0m   [0;1mINSERT INTO schema_migrations (version) VALUES ('20110617101252')[0m
Migrating to CreateAchievements (20110617101340)
  [4;35;1mSQL (1.5ms)[0m   [0mCREATE TABLE "achievements" ("id" INTEGER PRIMARY KEY AUTOINCREMENT NOT NULL, "site_id" integer, "name" varchar(255), "description" varchar(255), "created_at" datetime, "updated_at" datetime) [0m
  [4;36;1mSQL (0.4ms)[0m   [0;1mINSERT INTO schema_migrations (version) VALUES ('20110617101340')[0m
Migrating to CreateUnlocks (20110617101404)
  [4;35;1mSQL (2.2ms)[0m   [0mCREATE TABLE "unlocks" ("id" INTEGER PRIMARY KEY AUTOINCREMENT NOT NULL, "user_id" integer, "achievement_id" integer, "created_at" datetime, "updated_at" datetime) [0m
  [4;36;1mSQL (0.9ms)[0m   [0;1mINSERT INTO schema_migrations (version) VALUES ('20110617101404')[0m
Migrating to CreateRewards (20110617101452)
  [4;35;1mSQL (1.0ms)[0m   [0mCREATE TABLE "rewards" ("id" INTEGER PRIMARY KEY AUTOINCREMENT NOT NULL, "achievement_id" integer, "type" varchar(255), "amount" integer, "created_at" datetime, "updated_at" datetime) [0m
  [4;36;1mSQL (0.4ms)[0m   [0;1mINSERT INTO schema_migrations (version) VALUES ('20110617101452')[0m
  [4;35;1mSQL (1.1ms)[0m   [0m SELECT name
 FROM sqlite_master
 WHERE type = 'table' AND NOT name = 'sqlite_sequence'
[0m
  [4;36;1mSQL (0.8ms)[0m   [0;1mSELECT version FROM schema_migrations[0m
  [4;35;1mSQL (1.0ms)[0m   [0m SELECT name
 FROM sqlite_master
 WHERE type = 'table' AND NOT name = 'sqlite_sequence'
[0m
  [4;36;1mSQL (0.4ms)[0m   [0;1mPRAGMA index_list("accounts")[0m
  [4;35;1mSQL (0.3ms)[0m   [0mPRAGMA index_list("achievements")[0m
  [4;36;1mSQL (0.3ms)[0m   [0;1mPRAGMA index_list("rewards")[0m
  [4;35;1mSQL (0.2ms)[0m   [0mPRAGMA index_list("sites")[0m
  [4;36;1mSQL (0.2ms)[0m   [0;1mPRAGMA index_list("unlocks")[0m
  [4;35;1mSQL (0.2ms)[0m   [0mPRAGMA index_list("users")[0m


Processing UsersController#index (for 127.0.0.1 at 2011-06-17 05:21:31) [GET]
  [4;36;1mUser Load (2.8ms)[0m   [0;1mSELECT * FROM "users" [0m
Rendering template within layouts/users
Rendering users/index
Completed in 157ms (View: 55, DB: 3) | 200 OK [http://localhost/users/]


Processing UnlocksController#index (for 127.0.0.1 at 2011-06-17 05:21:37) [GET]
  [4;35;1mUnlock Load (2.0ms)[0m   [0mSELECT * FROM "unlocks" [0m
Rendering template within layouts/unlocks
Rendering unlocks/index
Completed in 83ms (View: 42, DB: 2) | 200 OK [http://localhost/unlocks/]


Processing UnlocksController#new (for 127.0.0.1 at 2011-06-17 05:21:40) [GET]
Rendering template within layouts/unlocks
Rendering unlocks/new
Completed in 140ms (View: 118, DB: 0) | 200 OK [http://localhost/unlocks/new]


Processing UnlocksController#index (for 127.0.0.1 at 2011-06-17 05:21:42) [GET]
  [4;36;1mUnlock Load (1.9ms)[0m   [0;1mSELECT * FROM "unlocks" [0m
Rendering template within layouts/unlocks
Rendering unlocks/index
Completed in 35ms (View: 8, DB: 2) | 200 OK [http://localhost/unlocks]


Processing UnlocksController#new (for 127.0.0.1 at 2011-06-17 05:36:43) [GET]
Rendering template within layouts/unlocks
Rendering unlocks/new
Completed in 53ms (View: 28, DB: 0) | 200 OK [http://localhost/unlocks/new]


Processing UsersController#index (for 127.0.0.1 at 2011-06-17 05:40:52) [GET]
  [4;35;1mUser Load (2.0ms)[0m   [0mSELECT * FROM "users" [0m
Rendering template within layouts/users
Rendering users/index
Completed in 38ms (View: 15, DB: 2) | 200 OK [http://localhost/users]


Processing UsersController#index (for 127.0.0.1 at 2011-06-17 05:40:54) [GET]
  [4;36;1mUser Load (2.0ms)[0m   [0;1mSELECT * FROM "users" [0m
Rendering template within layouts/users
Rendering users/index
Completed in 57ms (View: 13, DB: 2) | 200 OK [http://localhost/users]


Processing UsersController#index (for 127.0.0.1 at 2011-06-17 05:43:11) [GET]
  [4;35;1mUser Load (1.6ms)[0m   [0mSELECT * FROM "users" [0m
Rendering template within layouts/users
Rendering users/index
Completed in 30ms (View: 5, DB: 2) | 200 OK [http://localhost/users]


Processing UsersController#index (for 127.0.0.1 at 2011-06-17 05:43:12) [GET]
  [4;36;1mUser Load (1.9ms)[0m   [0;1mSELECT * FROM "users" [0m
Rendering template within layouts/users
Rendering users/index
Completed in 52ms (View: 11, DB: 2) | 200 OK [http://localhost/users]


Processing UsersController#index (for 127.0.0.1 at 2011-06-17 05:43:12) [GET]
  [4;35;1mUser Load (1.3ms)[0m   [0mSELECT * FROM "users" [0m
Rendering template within layouts/users
Rendering users/index
Completed in 27ms (View: 5, DB: 1) | 200 OK [http://localhost/users]


Processing UsersController#index (for 127.0.0.1 at 2011-06-17 05:43:15) [GET]
  [4;36;1mUser Load (2.4ms)[0m   [0;1mSELECT * FROM "users" [0m
Rendering template within layouts/users
Rendering users/index
Completed in 43ms (View: 9, DB: 2) | 200 OK [http://localhost/users]


Processing UsersController#index (for 127.0.0.1 at 2011-06-17 05:43:57) [GET]
  [4;36;1mUser Load (1.5ms)[0m   [0;1mSELECT * FROM "users" [0m
Rendering template within layouts/users
Rendering users/index
Completed in 98ms (View: 54, DB: 2) | 200 OK [http://localhost/users]


Processing UsersController#new (for 127.0.0.1 at 2011-06-17 05:43:59) [GET]
Rendering template within layouts/users
Rendering users/new
Completed in 65ms (View: 45, DB: 0) | 200 OK [http://localhost/users/new]


Processing UsersController#index (for 127.0.0.1 at 2011-06-17 05:44:03) [GET]
  [4;35;1mUser Load (1.9ms)[0m   [0mSELECT * FROM "users" [0m
Rendering template within layouts/users
Rendering users/index
Completed in 42ms (View: 10, DB: 2) | 200 OK [http://localhost/users]


Processing UsersController#index (for 127.0.0.1 at 2011-06-17 05:47:51) [GET]
  [4;36;1mUser Load (1.3ms)[0m   [0;1mSELECT * FROM "users" [0m
Rendering template within layouts/users
Rendering users/index
Completed in 29ms (View: 5, DB: 1) | 200 OK [http://localhost/users]


Processing UsersController#index (for 127.0.0.1 at 2011-06-17 05:48:14) [GET]
  [4;35;1mUser Load (1.3ms)[0m   [0mSELECT * FROM "users" [0m
Rendering template within layouts/users
Rendering users/index
Completed in 47ms (View: 18, DB: 1) | 200 OK [http://localhost/users]


Processing UsersController#index (for 127.0.0.1 at 2011-06-17 05:48:26) [GET]
  [4;36;1mUser Load (1.8ms)[0m   [0;1mSELECT * FROM "users" [0m
Rendering template within layouts/users
Rendering users/index
Completed in 40ms (View: 18, DB: 2) | 200 OK [http://localhost/users]


Processing UsersController#index (for 127.0.0.1 at 2011-06-17 05:48:27) [GET]
  [4;35;1mUser Load (1.7ms)[0m   [0mSELECT * FROM "users" [0m
Rendering template within layouts/users
Rendering users/index
Completed in 30ms (View: 4, DB: 2) | 200 OK [http://localhost/users]


Processing UsersController#index (for 127.0.0.1 at 2011-06-17 05:48:28) [GET]
  [4;36;1mUser Load (1.4ms)[0m   [0;1mSELECT * FROM "users" [0m
Rendering template within layouts/users
Rendering users/index
Completed in 27ms (View: 3, DB: 1) | 200 OK [http://localhost/users]


Processing UsersController#index (for 127.0.0.1 at 2011-06-17 05:48:28) [GET]
  [4;35;1mUser Load (2.2ms)[0m   [0mSELECT * FROM "users" [0m
Rendering template within layouts/users
Rendering users/index
Completed in 26ms (View: 4, DB: 2) | 200 OK [http://localhost/users]


Processing UsersController#index (for 127.0.0.1 at 2011-06-17 05:48:36) [GET]
  [4;36;1mUser Load (1.2ms)[0m   [0;1mSELECT * FROM "users" [0m
Rendering template within layouts/application
Rendering users/index
Completed in 42ms (View: 20, DB: 1) | 200 OK [http://localhost/users]


Processing ApplicationController#index (for 127.0.0.1 at 2011-06-17 05:48:37) [GET]

ActionController::RoutingError (No route matches "/stylesheets/298x90_logo.png" with {:method=>:get}):
  /home/drusepth/.rvm/rubies/ruby-1.8.7-p334/lib/ruby/1.8/webrick/httpserver.rb:104:in `service'
  /home/drusepth/.rvm/rubies/ruby-1.8.7-p334/lib/ruby/1.8/webrick/httpserver.rb:65:in `run'
  /home/drusepth/.rvm/rubies/ruby-1.8.7-p334/lib/ruby/1.8/webrick/server.rb:173:in `start_thread'
  /home/drusepth/.rvm/rubies/ruby-1.8.7-p334/lib/ruby/1.8/webrick/server.rb:162:in `start'
  /home/drusepth/.rvm/rubies/ruby-1.8.7-p334/lib/ruby/1.8/webrick/server.rb:162:in `start_thread'
  /home/drusepth/.rvm/rubies/ruby-1.8.7-p334/lib/ruby/1.8/webrick/server.rb:95:in `start'
  /home/drusepth/.rvm/rubies/ruby-1.8.7-p334/lib/ruby/1.8/webrick/server.rb:92:in `each'
  /home/drusepth/.rvm/rubies/ruby-1.8.7-p334/lib/ruby/1.8/webrick/server.rb:92:in `start'
  /home/drusepth/.rvm/rubies/ruby-1.8.7-p334/lib/ruby/1.8/webrick/server.rb:23:in `start'
  /home/drusepth/.rvm/rubies/ruby-1.8.7-p334/lib/ruby/1.8/webrick/server.rb:82:in `start'

Rendering rescues/layout (not_found)


Processing ApplicationController#index (for 127.0.0.1 at 2011-06-17 05:48:37) [GET]

ActionController::RoutingError (No route matches "/stylesheets/434x21_navigation.png" with {:method=>:get}):
  /home/drusepth/.rvm/rubies/ruby-1.8.7-p334/lib/ruby/1.8/webrick/httpserver.rb:104:in `service'
  /home/drusepth/.rvm/rubies/ruby-1.8.7-p334/lib/ruby/1.8/webrick/httpserver.rb:65:in `run'
  /home/drusepth/.rvm/rubies/ruby-1.8.7-p334/lib/ruby/1.8/webrick/server.rb:173:in `start_thread'
  /home/drusepth/.rvm/rubies/ruby-1.8.7-p334/lib/ruby/1.8/webrick/server.rb:162:in `start'
  /home/drusepth/.rvm/rubies/ruby-1.8.7-p334/lib/ruby/1.8/webrick/server.rb:162:in `start_thread'
  /home/drusepth/.rvm/rubies/ruby-1.8.7-p334/lib/ruby/1.8/webrick/server.rb:95:in `start'
  /home/drusepth/.rvm/rubies/ruby-1.8.7-p334/lib/ruby/1.8/webrick/server.rb:92:in `each'
  /home/drusepth/.rvm/rubies/ruby-1.8.7-p334/lib/ruby/1.8/webrick/server.rb:92:in `start'
  /home/drusepth/.rvm/rubies/ruby-1.8.7-p334/lib/ruby/1.8/webrick/server.rb:23:in `start'
  /home/drusepth/.rvm/rubies/ruby-1.8.7-p334/lib/ruby/1.8/webrick/server.rb:82:in `start'

Rendering rescues/layout (not_found)


Processing UsersController#index (for 127.0.0.1 at 2011-06-17 05:48:55) [GET]
  [4;35;1mUser Load (1.2ms)[0m   [0mSELECT * FROM "users" [0m
Rendering template within layouts/application
Rendering users/index
Completed in 23ms (View: 3, DB: 1) | 200 OK [http://localhost/users]


Processing ApplicationController#index (for 127.0.0.1 at 2011-06-17 05:48:56) [GET]

ActionController::RoutingError (No route matches "/stylesheets/298x90_logo.png" with {:method=>:get}):
  /home/drusepth/.rvm/rubies/ruby-1.8.7-p334/lib/ruby/1.8/webrick/httpserver.rb:104:in `service'
  /home/drusepth/.rvm/rubies/ruby-1.8.7-p334/lib/ruby/1.8/webrick/httpserver.rb:65:in `run'
  /home/drusepth/.rvm/rubies/ruby-1.8.7-p334/lib/ruby/1.8/webrick/server.rb:173:in `start_thread'
  /home/drusepth/.rvm/rubies/ruby-1.8.7-p334/lib/ruby/1.8/webrick/server.rb:162:in `start'
  /home/drusepth/.rvm/rubies/ruby-1.8.7-p334/lib/ruby/1.8/webrick/server.rb:162:in `start_thread'
  /home/drusepth/.rvm/rubies/ruby-1.8.7-p334/lib/ruby/1.8/webrick/server.rb:95:in `start'
  /home/drusepth/.rvm/rubies/ruby-1.8.7-p334/lib/ruby/1.8/webrick/server.rb:92:in `each'
  /home/drusepth/.rvm/rubies/ruby-1.8.7-p334/lib/ruby/1.8/webrick/server.rb:92:in `start'
  /home/drusepth/.rvm/rubies/ruby-1.8.7-p334/lib/ruby/1.8/webrick/server.rb:23:in `start'
  /home/drusepth/.rvm/rubies/ruby-1.8.7-p334/lib/ruby/1.8/webrick/server.rb:82:in `start'

Rendering rescues/layout (not_found)


Processing ApplicationController#index (for 127.0.0.1 at 2011-06-17 05:48:56) [GET]

ActionController::RoutingError (No route matches "/stylesheets/434x21_navigation.png" with {:method=>:get}):
  /home/drusepth/.rvm/rubies/ruby-1.8.7-p334/lib/ruby/1.8/webrick/httpserver.rb:104:in `service'
  /home/drusepth/.rvm/rubies/ruby-1.8.7-p334/lib/ruby/1.8/webrick/httpserver.rb:65:in `run'
  /home/drusepth/.rvm/rubies/ruby-1.8.7-p334/lib/ruby/1.8/webrick/server.rb:173:in `start_thread'
  /home/drusepth/.rvm/rubies/ruby-1.8.7-p334/lib/ruby/1.8/webrick/server.rb:162:in `start'
  /home/drusepth/.rvm/rubies/ruby-1.8.7-p334/lib/ruby/1.8/webrick/server.rb:162:in `start_thread'
  /home/drusepth/.rvm/rubies/ruby-1.8.7-p334/lib/ruby/1.8/webrick/server.rb:95:in `start'
  /home/drusepth/.rvm/rubies/ruby-1.8.7-p334/lib/ruby/1.8/webrick/server.rb:92:in `each'
  /home/drusepth/.rvm/rubies/ruby-1.8.7-p334/lib/ruby/1.8/webrick/server.rb:92:in `start'
  /home/drusepth/.rvm/rubies/ruby-1.8.7-p334/lib/ruby/1.8/webrick/server.rb:23:in `start'
  /home/drusepth/.rvm/rubies/ruby-1.8.7-p334/lib/ruby/1.8/webrick/server.rb:82:in `start'

Rendering rescues/layout (not_found)


Processing SitesController#index (for 127.0.0.1 at 2011-06-17 05:48:59) [GET]
  [4;36;1mSite Load (1.3ms)[0m   [0;1mSELECT * FROM "sites" [0m
Rendering template within layouts/application
Rendering sites/index
Completed in 52ms (View: 28, DB: 1) | 200 OK [http://localhost/sites]


Processing ApplicationController#index (for 127.0.0.1 at 2011-06-17 05:48:59) [GET]

ActionController::RoutingError (No route matches "/stylesheets/298x90_logo.png" with {:method=>:get}):
  /home/drusepth/.rvm/rubies/ruby-1.8.7-p334/lib/ruby/1.8/webrick/httpserver.rb:104:in `service'
  /home/drusepth/.rvm/rubies/ruby-1.8.7-p334/lib/ruby/1.8/webrick/httpserver.rb:65:in `run'
  /home/drusepth/.rvm/rubies/ruby-1.8.7-p334/lib/ruby/1.8/webrick/server.rb:173:in `start_thread'
  /home/drusepth/.rvm/rubies/ruby-1.8.7-p334/lib/ruby/1.8/webrick/server.rb:162:in `start'
  /home/drusepth/.rvm/rubies/ruby-1.8.7-p334/lib/ruby/1.8/webrick/server.rb:162:in `start_thread'
  /home/drusepth/.rvm/rubies/ruby-1.8.7-p334/lib/ruby/1.8/webrick/server.rb:95:in `start'
  /home/drusepth/.rvm/rubies/ruby-1.8.7-p334/lib/ruby/1.8/webrick/server.rb:92:in `each'
  /home/drusepth/.rvm/rubies/ruby-1.8.7-p334/lib/ruby/1.8/webrick/server.rb:92:in `start'
  /home/drusepth/.rvm/rubies/ruby-1.8.7-p334/lib/ruby/1.8/webrick/server.rb:23:in `start'
  /home/drusepth/.rvm/rubies/ruby-1.8.7-p334/lib/ruby/1.8/webrick/server.rb:82:in `start'

Rendering rescues/layout (not_found)


Processing ApplicationController#index (for 127.0.0.1 at 2011-06-17 05:49:00) [GET]

ActionController::RoutingError (No route matches "/stylesheets/434x21_navigation.png" with {:method=>:get}):
  /home/drusepth/.rvm/rubies/ruby-1.8.7-p334/lib/ruby/1.8/webrick/httpserver.rb:104:in `service'
  /home/drusepth/.rvm/rubies/ruby-1.8.7-p334/lib/ruby/1.8/webrick/httpserver.rb:65:in `run'
  /home/drusepth/.rvm/rubies/ruby-1.8.7-p334/lib/ruby/1.8/webrick/server.rb:173:in `start_thread'
  /home/drusepth/.rvm/rubies/ruby-1.8.7-p334/lib/ruby/1.8/webrick/server.rb:162:in `start'
  /home/drusepth/.rvm/rubies/ruby-1.8.7-p334/lib/ruby/1.8/webrick/server.rb:162:in `start_thread'
  /home/drusepth/.rvm/rubies/ruby-1.8.7-p334/lib/ruby/1.8/webrick/server.rb:95:in `start'
  /home/drusepth/.rvm/rubies/ruby-1.8.7-p334/lib/ruby/1.8/webrick/server.rb:92:in `each'
  /home/drusepth/.rvm/rubies/ruby-1.8.7-p334/lib/ruby/1.8/webrick/server.rb:92:in `start'
  /home/drusepth/.rvm/rubies/ruby-1.8.7-p334/lib/ruby/1.8/webrick/server.rb:23:in `start'
  /home/drusepth/.rvm/rubies/ruby-1.8.7-p334/lib/ruby/1.8/webrick/server.rb:82:in `start'

Rendering rescues/layout (not_found)


Processing SitesController#index (for 127.0.0.1 at 2011-06-17 05:50:53) [GET]
  [4;35;1mSite Load (1.2ms)[0m   [0mSELECT * FROM "sites" [0m
Rendering template within layouts/application
Rendering sites/index
Completed in 29ms (View: 4, DB: 1) | 200 OK [http://localhost/sites]


Processing SitesController#new (for 127.0.0.1 at 2011-06-17 05:51:21) [GET]
Rendering template within layouts/application
Rendering sites/new
Completed in 70ms (View: 48, DB: 0) | 200 OK [http://localhost/sites/new]


Processing SitesController#index (for 127.0.0.1 at 2011-06-17 05:51:35) [GET]
  [4;36;1mSite Load (1.9ms)[0m   [0;1mSELECT * FROM "sites" [0m
Rendering template within layouts/application
Rendering sites/index
Completed in 46ms (View: 6, DB: 2) | 200 OK [http://localhost/sites]


Processing SitesController#index (for 127.0.0.1 at 2011-06-17 05:52:14) [GET]
  [4;35;1mSite Load (1.4ms)[0m   [0mSELECT * FROM "sites" [0m
Rendering template within layouts/application
Rendering sites/index
Completed in 45ms (View: 19, DB: 1) | 200 OK [http://localhost/sites]


Processing SitesController#index (for 127.0.0.1 at 2011-06-17 05:52:37) [GET]
  [4;36;1mSite Load (1.4ms)[0m   [0;1mSELECT * FROM "sites" [0m
Rendering template within layouts/application
Rendering sites/index
Completed in 27ms (View: 3, DB: 1) | 200 OK [http://localhost/sites]


Processing SitesController#index (for 127.0.0.1 at 2011-06-17 05:52:46) [GET]
  [4;35;1mSite Load (1.2ms)[0m   [0mSELECT * FROM "sites" [0m
Rendering template within layouts/application
Rendering sites/index
Completed in 25ms (View: 3, DB: 1) | 200 OK [http://localhost/sites]


Processing SitesController#index (for 127.0.0.1 at 2011-06-17 05:53:10) [GET]
  [4;36;1mSite Load (1.9ms)[0m   [0;1mSELECT * FROM "sites" [0m
Rendering template within layouts/application
Rendering sites/index
Completed in 38ms (View: 16, DB: 2) | 200 OK [http://localhost/sites]


Processing SitesController#index (for 127.0.0.1 at 2011-06-17 05:53:52) [GET]
  [4;35;1mSite Load (1.8ms)[0m   [0mSELECT * FROM "sites" [0m
Rendering template within layouts/application
Rendering sites/index
Completed in 54ms (View: 22, DB: 2) | 200 OK [http://localhost/sites]


Processing SitesController#index (for 127.0.0.1 at 2011-06-17 05:56:28) [GET]
  [4;36;1mSite Load (1.3ms)[0m   [0;1mSELECT * FROM "sites" [0m
Rendering template within layouts/application
Rendering sites/index
Completed in 46ms (View: 18, DB: 1) | 200 OK [http://localhost/sites]


Processing SitesController#index (for 127.0.0.1 at 2011-06-17 05:56:46) [GET]
  [4;35;1mSite Load (2.2ms)[0m   [0mSELECT * FROM "sites" [0m
Rendering template within layouts/application
Rendering sites/index
Completed in 134ms (View: 84, DB: 2) | 200 OK [http://localhost/sites]


Processing SitesController#index (for 127.0.0.1 at 2011-06-17 05:57:01) [GET]
  [4;36;1mSite Load (1.9ms)[0m   [0;1mSELECT * FROM "sites" [0m
Rendering template within layouts/application
Rendering sites/index
Completed in 43ms (View: 19, DB: 2) | 200 OK [http://localhost/sites]


Processing SitesController#index (for 127.0.0.1 at 2011-06-17 05:57:11) [GET]
  [4;35;1mSite Load (2.0ms)[0m   [0mSELECT * FROM "sites" [0m
Rendering template within layouts/application
Rendering sites/index
Completed in 58ms (View: 25, DB: 2) | 200 OK [http://localhost/sites]


Processing SitesController#index (for 127.0.0.1 at 2011-06-17 05:57:53) [GET]
  [4;36;1mSite Load (1.3ms)[0m   [0;1mSELECT * FROM "sites" [0m
Rendering template within layouts/application
Rendering sites/index
Completed in 41ms (View: 18, DB: 1) | 200 OK [http://localhost/sites]


Processing SitesController#index (for 127.0.0.1 at 2011-06-17 06:02:28) [GET]
  [4;35;1mSite Load (1.2ms)[0m   [0mSELECT * FROM "sites" [0m
Rendering template within layouts/application
Rendering sites/index
Completed in 40ms (View: 18, DB: 1) | 200 OK [http://localhost/sites]


Processing SitesController#index (for 127.0.0.1 at 2011-06-17 06:02:30) [GET]
  [4;36;1mSite Load (1.4ms)[0m   [0;1mSELECT * FROM "sites" [0m
Rendering template within layouts/application
Rendering sites/index
Completed in 26ms (View: 3, DB: 1) | 200 OK [http://localhost/sites]


Processing ApplicationController#index (for 127.0.0.1 at 2011-06-17 06:02:33) [GET]

ActionController::RoutingError (No route matches "/page/getting-started" with {:method=>:get}):
  /home/drusepth/.rvm/rubies/ruby-1.8.7-p334/lib/ruby/1.8/webrick/httpserver.rb:104:in `service'
  /home/drusepth/.rvm/rubies/ruby-1.8.7-p334/lib/ruby/1.8/webrick/httpserver.rb:65:in `run'
  /home/drusepth/.rvm/rubies/ruby-1.8.7-p334/lib/ruby/1.8/webrick/server.rb:173:in `start_thread'
  /home/drusepth/.rvm/rubies/ruby-1.8.7-p334/lib/ruby/1.8/webrick/server.rb:162:in `start'
  /home/drusepth/.rvm/rubies/ruby-1.8.7-p334/lib/ruby/1.8/webrick/server.rb:162:in `start_thread'
  /home/drusepth/.rvm/rubies/ruby-1.8.7-p334/lib/ruby/1.8/webrick/server.rb:95:in `start'
  /home/drusepth/.rvm/rubies/ruby-1.8.7-p334/lib/ruby/1.8/webrick/server.rb:92:in `each'
  /home/drusepth/.rvm/rubies/ruby-1.8.7-p334/lib/ruby/1.8/webrick/server.rb:92:in `start'
  /home/drusepth/.rvm/rubies/ruby-1.8.7-p334/lib/ruby/1.8/webrick/server.rb:23:in `start'
  /home/drusepth/.rvm/rubies/ruby-1.8.7-p334/lib/ruby/1.8/webrick/server.rb:82:in `start'

Rendering rescues/layout (not_found)


Processing ApplicationController#index (for 127.0.0.1 at 2011-06-17 06:02:36) [GET]

ActionController::RoutingError (No route matches "/pages/getting-started" with {:method=>:get}):
  /home/drusepth/.rvm/rubies/ruby-1.8.7-p334/lib/ruby/1.8/webrick/httpserver.rb:104:in `service'
  /home/drusepth/.rvm/rubies/ruby-1.8.7-p334/lib/ruby/1.8/webrick/httpserver.rb:65:in `run'
  /home/drusepth/.rvm/rubies/ruby-1.8.7-p334/lib/ruby/1.8/webrick/server.rb:173:in `start_thread'
  /home/drusepth/.rvm/rubies/ruby-1.8.7-p334/lib/ruby/1.8/webrick/server.rb:162:in `start'
  /home/drusepth/.rvm/rubies/ruby-1.8.7-p334/lib/ruby/1.8/webrick/server.rb:162:in `start_thread'
  /home/drusepth/.rvm/rubies/ruby-1.8.7-p334/lib/ruby/1.8/webrick/server.rb:95:in `start'
  /home/drusepth/.rvm/rubies/ruby-1.8.7-p334/lib/ruby/1.8/webrick/server.rb:92:in `each'
  /home/drusepth/.rvm/rubies/ruby-1.8.7-p334/lib/ruby/1.8/webrick/server.rb:92:in `start'
  /home/drusepth/.rvm/rubies/ruby-1.8.7-p334/lib/ruby/1.8/webrick/server.rb:23:in `start'
  /home/drusepth/.rvm/rubies/ruby-1.8.7-p334/lib/ruby/1.8/webrick/server.rb:82:in `start'

Rendering rescues/layout (not_found)


Processing ApplicationController#index (for 127.0.0.1 at 2011-06-17 06:03:24) [GET]

ActionController::RoutingError (No route matches "/page/getting-started/4" with {:method=>:get}):
  /home/drusepth/.rvm/rubies/ruby-1.8.7-p334/lib/ruby/1.8/webrick/httpserver.rb:104:in `service'
  /home/drusepth/.rvm/rubies/ruby-1.8.7-p334/lib/ruby/1.8/webrick/httpserver.rb:65:in `run'
  /home/drusepth/.rvm/rubies/ruby-1.8.7-p334/lib/ruby/1.8/webrick/server.rb:173:in `start_thread'
  /home/drusepth/.rvm/rubies/ruby-1.8.7-p334/lib/ruby/1.8/webrick/server.rb:162:in `start'
  /home/drusepth/.rvm/rubies/ruby-1.8.7-p334/lib/ruby/1.8/webrick/server.rb:162:in `start_thread'
  /home/drusepth/.rvm/rubies/ruby-1.8.7-p334/lib/ruby/1.8/webrick/server.rb:95:in `start'
  /home/drusepth/.rvm/rubies/ruby-1.8.7-p334/lib/ruby/1.8/webrick/server.rb:92:in `each'
  /home/drusepth/.rvm/rubies/ruby-1.8.7-p334/lib/ruby/1.8/webrick/server.rb:92:in `start'
  /home/drusepth/.rvm/rubies/ruby-1.8.7-p334/lib/ruby/1.8/webrick/server.rb:23:in `start'
  /home/drusepth/.rvm/rubies/ruby-1.8.7-p334/lib/ruby/1.8/webrick/server.rb:82:in `start'

Rendering rescues/layout (not_found)


Processing ApplicationController#index (for 127.0.0.1 at 2011-06-17 06:03:39) [GET]

ActionController::RoutingError (No route matches "/page/getting-started/4" with {:method=>:get}):
  /home/drusepth/.rvm/rubies/ruby-1.8.7-p334/lib/ruby/1.8/webrick/httpserver.rb:104:in `service'
  /home/drusepth/.rvm/rubies/ruby-1.8.7-p334/lib/ruby/1.8/webrick/httpserver.rb:65:in `run'
  /home/drusepth/.rvm/rubies/ruby-1.8.7-p334/lib/ruby/1.8/webrick/server.rb:173:in `start_thread'
  /home/drusepth/.rvm/rubies/ruby-1.8.7-p334/lib/ruby/1.8/webrick/server.rb:162:in `start'
  /home/drusepth/.rvm/rubies/ruby-1.8.7-p334/lib/ruby/1.8/webrick/server.rb:162:in `start_thread'
  /home/drusepth/.rvm/rubies/ruby-1.8.7-p334/lib/ruby/1.8/webrick/server.rb:95:in `start'
  /home/drusepth/.rvm/rubies/ruby-1.8.7-p334/lib/ruby/1.8/webrick/server.rb:92:in `each'
  /home/drusepth/.rvm/rubies/ruby-1.8.7-p334/lib/ruby/1.8/webrick/server.rb:92:in `start'
  /home/drusepth/.rvm/rubies/ruby-1.8.7-p334/lib/ruby/1.8/webrick/server.rb:23:in `start'
  /home/drusepth/.rvm/rubies/ruby-1.8.7-p334/lib/ruby/1.8/webrick/server.rb:82:in `start'

Rendering rescues/layout (not_found)


Processing ApplicationController#index (for 127.0.0.1 at 2011-06-17 06:03:43) [GET]

ActionController::RoutingError (No route matches "/page/getting-started" with {:method=>:get}):
  /home/drusepth/.rvm/rubies/ruby-1.8.7-p334/lib/ruby/1.8/webrick/httpserver.rb:104:in `service'
  /home/drusepth/.rvm/rubies/ruby-1.8.7-p334/lib/ruby/1.8/webrick/httpserver.rb:65:in `run'
  /home/drusepth/.rvm/rubies/ruby-1.8.7-p334/lib/ruby/1.8/webrick/server.rb:173:in `start_thread'
  /home/drusepth/.rvm/rubies/ruby-1.8.7-p334/lib/ruby/1.8/webrick/server.rb:162:in `start'
  /home/drusepth/.rvm/rubies/ruby-1.8.7-p334/lib/ruby/1.8/webrick/server.rb:162:in `start_thread'
  /home/drusepth/.rvm/rubies/ruby-1.8.7-p334/lib/ruby/1.8/webrick/server.rb:95:in `start'
  /home/drusepth/.rvm/rubies/ruby-1.8.7-p334/lib/ruby/1.8/webrick/server.rb:92:in `each'
  /home/drusepth/.rvm/rubies/ruby-1.8.7-p334/lib/ruby/1.8/webrick/server.rb:92:in `start'
  /home/drusepth/.rvm/rubies/ruby-1.8.7-p334/lib/ruby/1.8/webrick/server.rb:23:in `start'
  /home/drusepth/.rvm/rubies/ruby-1.8.7-p334/lib/ruby/1.8/webrick/server.rb:82:in `start'

Rendering rescues/layout (not_found)


Processing ApplicationController#index (for 127.0.0.1 at 2011-06-17 06:03:48) [GET]

ActionController::RoutingError (No route matches "/page/index" with {:method=>:get}):
  /home/drusepth/.rvm/rubies/ruby-1.8.7-p334/lib/ruby/1.8/webrick/httpserver.rb:104:in `service'
  /home/drusepth/.rvm/rubies/ruby-1.8.7-p334/lib/ruby/1.8/webrick/httpserver.rb:65:in `run'
  /home/drusepth/.rvm/rubies/ruby-1.8.7-p334/lib/ruby/1.8/webrick/server.rb:173:in `start_thread'
  /home/drusepth/.rvm/rubies/ruby-1.8.7-p334/lib/ruby/1.8/webrick/server.rb:162:in `start'
  /home/drusepth/.rvm/rubies/ruby-1.8.7-p334/lib/ruby/1.8/webrick/server.rb:162:in `start_thread'
  /home/drusepth/.rvm/rubies/ruby-1.8.7-p334/lib/ruby/1.8/webrick/server.rb:95:in `start'
  /home/drusepth/.rvm/rubies/ruby-1.8.7-p334/lib/ruby/1.8/webrick/server.rb:92:in `each'
  /home/drusepth/.rvm/rubies/ruby-1.8.7-p334/lib/ruby/1.8/webrick/server.rb:92:in `start'
  /home/drusepth/.rvm/rubies/ruby-1.8.7-p334/lib/ruby/1.8/webrick/server.rb:23:in `start'
  /home/drusepth/.rvm/rubies/ruby-1.8.7-p334/lib/ruby/1.8/webrick/server.rb:82:in `start'

Rendering rescues/layout (not_found)


Processing SitesController#index (for 127.0.0.1 at 2011-06-17 06:03:54) [GET]
  [4;35;1mSite Load (1.9ms)[0m   [0mSELECT * FROM "sites" [0m
Rendering template within layouts/application
Rendering sites/index
Completed in 28ms (View: 4, DB: 2) | 200 OK [http://localhost/sites]


Processing ApplicationController#index (for 127.0.0.1 at 2011-06-17 06:03:56) [GET]

ActionController::RoutingError (No route matches "/page/about" with {:method=>:get}):
  /home/drusepth/.rvm/rubies/ruby-1.8.7-p334/lib/ruby/1.8/webrick/httpserver.rb:104:in `service'
  /home/drusepth/.rvm/rubies/ruby-1.8.7-p334/lib/ruby/1.8/webrick/httpserver.rb:65:in `run'
  /home/drusepth/.rvm/rubies/ruby-1.8.7-p334/lib/ruby/1.8/webrick/server.rb:173:in `start_thread'
  /home/drusepth/.rvm/rubies/ruby-1.8.7-p334/lib/ruby/1.8/webrick/server.rb:162:in `start'
  /home/drusepth/.rvm/rubies/ruby-1.8.7-p334/lib/ruby/1.8/webrick/server.rb:162:in `start_thread'
  /home/drusepth/.rvm/rubies/ruby-1.8.7-p334/lib/ruby/1.8/webrick/server.rb:95:in `start'
  /home/drusepth/.rvm/rubies/ruby-1.8.7-p334/lib/ruby/1.8/webrick/server.rb:92:in `each'
  /home/drusepth/.rvm/rubies/ruby-1.8.7-p334/lib/ruby/1.8/webrick/server.rb:92:in `start'
  /home/drusepth/.rvm/rubies/ruby-1.8.7-p334/lib/ruby/1.8/webrick/server.rb:23:in `start'
  /home/drusepth/.rvm/rubies/ruby-1.8.7-p334/lib/ruby/1.8/webrick/server.rb:82:in `start'

Rendering rescues/layout (not_found)


Processing ApplicationController#docs (for 127.0.0.1 at 2011-06-17 06:04:18) [GET]

SyntaxError (/var/www/Awoochi/app/controllers/pages_controller.rb:2: syntax error, unexpected '-', expecting '\n' or ';'
  def getting-started
              ^
/var/www/Awoochi/app/controllers/pages_controller.rb:10: syntax error, unexpected kEND, expecting $end):
  /home/drusepth/.rvm/rubies/ruby-1.8.7-p334/lib/ruby/1.8/webrick/httpserver.rb:104:in `service'
  /home/drusepth/.rvm/rubies/ruby-1.8.7-p334/lib/ruby/1.8/webrick/httpserver.rb:65:in `run'
  /home/drusepth/.rvm/rubies/ruby-1.8.7-p334/lib/ruby/1.8/webrick/server.rb:173:in `start_thread'
  /home/drusepth/.rvm/rubies/ruby-1.8.7-p334/lib/ruby/1.8/webrick/server.rb:162:in `start'
  /home/drusepth/.rvm/rubies/ruby-1.8.7-p334/lib/ruby/1.8/webrick/server.rb:162:in `start_thread'
  /home/drusepth/.rvm/rubies/ruby-1.8.7-p334/lib/ruby/1.8/webrick/server.rb:95:in `start'
  /home/drusepth/.rvm/rubies/ruby-1.8.7-p334/lib/ruby/1.8/webrick/server.rb:92:in `each'
  /home/drusepth/.rvm/rubies/ruby-1.8.7-p334/lib/ruby/1.8/webrick/server.rb:92:in `start'
  /home/drusepth/.rvm/rubies/ruby-1.8.7-p334/lib/ruby/1.8/webrick/server.rb:23:in `start'
  /home/drusepth/.rvm/rubies/ruby-1.8.7-p334/lib/ruby/1.8/webrick/server.rb:82:in `start'

Rendered rescues/_trace (160.8ms)
Rendered rescues/_request_and_response (4.1ms)
Rendering rescues/layout (internal_server_error)


Processing ApplicationController#index (for 127.0.0.1 at 2011-06-17 06:04:21) [GET]

SyntaxError (/var/www/Awoochi/app/controllers/pages_controller.rb:2: syntax error, unexpected '-', expecting '\n' or ';'
  def getting-started
              ^
/var/www/Awoochi/app/controllers/pages_controller.rb:10: syntax error, unexpected kEND, expecting $end):
  /home/drusepth/.rvm/rubies/ruby-1.8.7-p334/lib/ruby/1.8/webrick/httpserver.rb:104:in `service'
  /home/drusepth/.rvm/rubies/ruby-1.8.7-p334/lib/ruby/1.8/webrick/httpserver.rb:65:in `run'
  /home/drusepth/.rvm/rubies/ruby-1.8.7-p334/lib/ruby/1.8/webrick/server.rb:173:in `start_thread'
  /home/drusepth/.rvm/rubies/ruby-1.8.7-p334/lib/ruby/1.8/webrick/server.rb:162:in `start'
  /home/drusepth/.rvm/rubies/ruby-1.8.7-p334/lib/ruby/1.8/webrick/server.rb:162:in `start_thread'
  /home/drusepth/.rvm/rubies/ruby-1.8.7-p334/lib/ruby/1.8/webrick/server.rb:95:in `start'
  /home/drusepth/.rvm/rubies/ruby-1.8.7-p334/lib/ruby/1.8/webrick/server.rb:92:in `each'
  /home/drusepth/.rvm/rubies/ruby-1.8.7-p334/lib/ruby/1.8/webrick/server.rb:92:in `start'
  /home/drusepth/.rvm/rubies/ruby-1.8.7-p334/lib/ruby/1.8/webrick/server.rb:23:in `start'
  /home/drusepth/.rvm/rubies/ruby-1.8.7-p334/lib/ruby/1.8/webrick/server.rb:82:in `start'

Rendered rescues/_trace (162.1ms)
Rendered rescues/_request_and_response (0.8ms)
Rendering rescues/layout (internal_server_error)


Processing ApplicationController#index (for 127.0.0.1 at 2011-06-17 06:04:32) [GET]

SyntaxError (/var/www/Awoochi/app/controllers/pages_controller.rb:2: syntax error, unexpected '-', expecting '\n' or ';'
  def getting-started
              ^
/var/www/Awoochi/app/controllers/pages_controller.rb:11: syntax error, unexpected kEND, expecting $end):
  /home/drusepth/.rvm/rubies/ruby-1.8.7-p334/lib/ruby/1.8/webrick/httpserver.rb:104:in `service'
  /home/drusepth/.rvm/rubies/ruby-1.8.7-p334/lib/ruby/1.8/webrick/httpserver.rb:65:in `run'
  /home/drusepth/.rvm/rubies/ruby-1.8.7-p334/lib/ruby/1.8/webrick/server.rb:173:in `start_thread'
  /home/drusepth/.rvm/rubies/ruby-1.8.7-p334/lib/ruby/1.8/webrick/server.rb:162:in `start'
  /home/drusepth/.rvm/rubies/ruby-1.8.7-p334/lib/ruby/1.8/webrick/server.rb:162:in `start_thread'
  /home/drusepth/.rvm/rubies/ruby-1.8.7-p334/lib/ruby/1.8/webrick/server.rb:95:in `start'
  /home/drusepth/.rvm/rubies/ruby-1.8.7-p334/lib/ruby/1.8/webrick/server.rb:92:in `each'
  /home/drusepth/.rvm/rubies/ruby-1.8.7-p334/lib/ruby/1.8/webrick/server.rb:92:in `start'
  /home/drusepth/.rvm/rubies/ruby-1.8.7-p334/lib/ruby/1.8/webrick/server.rb:23:in `start'
  /home/drusepth/.rvm/rubies/ruby-1.8.7-p334/lib/ruby/1.8/webrick/server.rb:82:in `start'

Rendered rescues/_trace (309.7ms)
Rendered rescues/_request_and_response (1.3ms)
Rendering rescues/layout (internal_server_error)


Processing PagesController#index (for 127.0.0.1 at 2011-06-17 06:04:45) [GET]

ActionController::UnknownAction (No action responded to index. Actions: about, getting_started, and showcase):
  /home/drusepth/.rvm/rubies/ruby-1.8.7-p334/lib/ruby/1.8/webrick/httpserver.rb:104:in `service'
  /home/drusepth/.rvm/rubies/ruby-1.8.7-p334/lib/ruby/1.8/webrick/httpserver.rb:65:in `run'
  /home/drusepth/.rvm/rubies/ruby-1.8.7-p334/lib/ruby/1.8/webrick/server.rb:173:in `start_thread'
  /home/drusepth/.rvm/rubies/ruby-1.8.7-p334/lib/ruby/1.8/webrick/server.rb:162:in `start'
  /home/drusepth/.rvm/rubies/ruby-1.8.7-p334/lib/ruby/1.8/webrick/server.rb:162:in `start_thread'
  /home/drusepth/.rvm/rubies/ruby-1.8.7-p334/lib/ruby/1.8/webrick/server.rb:95:in `start'
  /home/drusepth/.rvm/rubies/ruby-1.8.7-p334/lib/ruby/1.8/webrick/server.rb:92:in `each'
  /home/drusepth/.rvm/rubies/ruby-1.8.7-p334/lib/ruby/1.8/webrick/server.rb:92:in `start'
  /home/drusepth/.rvm/rubies/ruby-1.8.7-p334/lib/ruby/1.8/webrick/server.rb:23:in `start'
  /home/drusepth/.rvm/rubies/ruby-1.8.7-p334/lib/ruby/1.8/webrick/server.rb:82:in `start'

Rendering rescues/layout (not_found)


Processing PagesController#getting-started (for 127.0.0.1 at 2011-06-17 06:04:49) [GET]
Rendering template within layouts/application
Rendering pages/getting-started
Completed in 21ms (View: 15, DB: 0) | 200 OK [http://localhost/pages/getting-started]


Processing PagesController#getting_started (for 127.0.0.1 at 2011-06-17 06:04:58) [GET]

ActionView::MissingTemplate (Missing template pages/getting_started.erb in view path app/views):
  /home/drusepth/.rvm/rubies/ruby-1.8.7-p334/lib/ruby/1.8/webrick/httpserver.rb:104:in `service'
  /home/drusepth/.rvm/rubies/ruby-1.8.7-p334/lib/ruby/1.8/webrick/httpserver.rb:65:in `run'
  /home/drusepth/.rvm/rubies/ruby-1.8.7-p334/lib/ruby/1.8/webrick/server.rb:173:in `start_thread'
  /home/drusepth/.rvm/rubies/ruby-1.8.7-p334/lib/ruby/1.8/webrick/server.rb:162:in `start'
  /home/drusepth/.rvm/rubies/ruby-1.8.7-p334/lib/ruby/1.8/webrick/server.rb:162:in `start_thread'
  /home/drusepth/.rvm/rubies/ruby-1.8.7-p334/lib/ruby/1.8/webrick/server.rb:95:in `start'
  /home/drusepth/.rvm/rubies/ruby-1.8.7-p334/lib/ruby/1.8/webrick/server.rb:92:in `each'
  /home/drusepth/.rvm/rubies/ruby-1.8.7-p334/lib/ruby/1.8/webrick/server.rb:92:in `start'
  /home/drusepth/.rvm/rubies/ruby-1.8.7-p334/lib/ruby/1.8/webrick/server.rb:23:in `start'
  /home/drusepth/.rvm/rubies/ruby-1.8.7-p334/lib/ruby/1.8/webrick/server.rb:82:in `start'

Rendering rescues/layout (internal_server_error)


Processing PagesController#getting-started (for 127.0.0.1 at 2011-06-17 06:05:01) [GET]
Rendering template within layouts/application
Rendering pages/getting-started
Completed in 9ms (View: 3, DB: 0) | 200 OK [http://localhost/pages/getting-started]


Processing PagesController#index (for 127.0.0.1 at 2011-06-17 06:05:06) [GET]

ActionController::UnknownAction (No action responded to index. Actions: about, getting_started, and showcase):
  /home/drusepth/.rvm/rubies/ruby-1.8.7-p334/lib/ruby/1.8/webrick/httpserver.rb:104:in `service'
  /home/drusepth/.rvm/rubies/ruby-1.8.7-p334/lib/ruby/1.8/webrick/httpserver.rb:65:in `run'
  /home/drusepth/.rvm/rubies/ruby-1.8.7-p334/lib/ruby/1.8/webrick/server.rb:173:in `start_thread'
  /home/drusepth/.rvm/rubies/ruby-1.8.7-p334/lib/ruby/1.8/webrick/server.rb:162:in `start'
  /home/drusepth/.rvm/rubies/ruby-1.8.7-p334/lib/ruby/1.8/webrick/server.rb:162:in `start_thread'
  /home/drusepth/.rvm/rubies/ruby-1.8.7-p334/lib/ruby/1.8/webrick/server.rb:95:in `start'
  /home/drusepth/.rvm/rubies/ruby-1.8.7-p334/lib/ruby/1.8/webrick/server.rb:92:in `each'
  /home/drusepth/.rvm/rubies/ruby-1.8.7-p334/lib/ruby/1.8/webrick/server.rb:92:in `start'
  /home/drusepth/.rvm/rubies/ruby-1.8.7-p334/lib/ruby/1.8/webrick/server.rb:23:in `start'
  /home/drusepth/.rvm/rubies/ruby-1.8.7-p334/lib/ruby/1.8/webrick/server.rb:82:in `start'

Rendering rescues/layout (not_found)


Processing PagesController#about (for 127.0.0.1 at 2011-06-17 06:05:09) [GET]
Rendering template within layouts/application
Rendering pages/about
Completed in 23ms (View: 16, DB: 0) | 200 OK [http://localhost/pages/about]


Processing ApplicationController#index (for 127.0.0.1 at 2011-06-17 06:05:11) [GET]

ActionController::RoutingError (No route matches "/page/getting-started" with {:method=>:get}):
  /home/drusepth/.rvm/rubies/ruby-1.8.7-p334/lib/ruby/1.8/webrick/httpserver.rb:104:in `service'
  /home/drusepth/.rvm/rubies/ruby-1.8.7-p334/lib/ruby/1.8/webrick/httpserver.rb:65:in `run'
  /home/drusepth/.rvm/rubies/ruby-1.8.7-p334/lib/ruby/1.8/webrick/server.rb:173:in `start_thread'
  /home/drusepth/.rvm/rubies/ruby-1.8.7-p334/lib/ruby/1.8/webrick/server.rb:162:in `start'
  /home/drusepth/.rvm/rubies/ruby-1.8.7-p334/lib/ruby/1.8/webrick/server.rb:162:in `start_thread'
  /home/drusepth/.rvm/rubies/ruby-1.8.7-p334/lib/ruby/1.8/webrick/server.rb:95:in `start'
  /home/drusepth/.rvm/rubies/ruby-1.8.7-p334/lib/ruby/1.8/webrick/server.rb:92:in `each'
  /home/drusepth/.rvm/rubies/ruby-1.8.7-p334/lib/ruby/1.8/webrick/server.rb:92:in `start'
  /home/drusepth/.rvm/rubies/ruby-1.8.7-p334/lib/ruby/1.8/webrick/server.rb:23:in `start'
  /home/drusepth/.rvm/rubies/ruby-1.8.7-p334/lib/ruby/1.8/webrick/server.rb:82:in `start'

Rendering rescues/layout (not_found)


Processing PagesController#getting-started (for 127.0.0.1 at 2011-06-17 06:06:09) [GET]
Rendering template within layouts/application
Rendering pages/getting-started
Completed in 32ms (View: 23, DB: 0) | 200 OK [http://localhost/pages/getting-started]


Processing ApplicationController#index (for 127.0.0.1 at 2011-06-17 06:06:12) [GET]

ActionController::RoutingError (No route matches "/docs/index" with {:method=>:get}):
  /home/drusepth/.rvm/rubies/ruby-1.8.7-p334/lib/ruby/1.8/webrick/httpserver.rb:104:in `service'
  /home/drusepth/.rvm/rubies/ruby-1.8.7-p334/lib/ruby/1.8/webrick/httpserver.rb:65:in `run'
  /home/drusepth/.rvm/rubies/ruby-1.8.7-p334/lib/ruby/1.8/webrick/server.rb:173:in `start_thread'
  /home/drusepth/.rvm/rubies/ruby-1.8.7-p334/lib/ruby/1.8/webrick/server.rb:162:in `start'
  /home/drusepth/.rvm/rubies/ruby-1.8.7-p334/lib/ruby/1.8/webrick/server.rb:162:in `start_thread'
  /home/drusepth/.rvm/rubies/ruby-1.8.7-p334/lib/ruby/1.8/webrick/server.rb:95:in `start'
  /home/drusepth/.rvm/rubies/ruby-1.8.7-p334/lib/ruby/1.8/webrick/server.rb:92:in `each'
  /home/drusepth/.rvm/rubies/ruby-1.8.7-p334/lib/ruby/1.8/webrick/server.rb:92:in `start'
  /home/drusepth/.rvm/rubies/ruby-1.8.7-p334/lib/ruby/1.8/webrick/server.rb:23:in `start'
  /home/drusepth/.rvm/rubies/ruby-1.8.7-p334/lib/ruby/1.8/webrick/server.rb:82:in `start'

Rendering rescues/layout (not_found)


Processing PagesController#getting-started (for 127.0.0.1 at 2011-06-17 06:06:15) [GET]
Rendering template within layouts/application
Rendering pages/getting-started
Completed in 10ms (View: 3, DB: 0) | 200 OK [http://localhost/pages/getting-started]


Processing PagesController#showcase (for 127.0.0.1 at 2011-06-17 06:06:17) [GET]
Rendering template within layouts/application
Rendering pages/showcase
Completed in 22ms (View: 15, DB: 0) | 200 OK [http://localhost/pages/showcase]


Processing PagesController#about (for 127.0.0.1 at 2011-06-17 06:06:19) [GET]
Rendering template within layouts/application
Rendering pages/about
Completed in 10ms (View: 4, DB: 0) | 200 OK [http://localhost/pages/about]


Processing PagesController#about (for 127.0.0.1 at 2011-06-17 06:06:20) [GET]
Rendering template within layouts/application
Rendering pages/about
Completed in 14ms (View: 5, DB: 0) | 200 OK [http://localhost/pages/about]


Processing ApplicationController#index (for 127.0.0.1 at 2011-06-17 06:06:22) [GET]

ActionController::RoutingError (No route matches "/docs/index" with {:method=>:get}):
  /home/drusepth/.rvm/rubies/ruby-1.8.7-p334/lib/ruby/1.8/webrick/httpserver.rb:104:in `service'
  /home/drusepth/.rvm/rubies/ruby-1.8.7-p334/lib/ruby/1.8/webrick/httpserver.rb:65:in `run'
  /home/drusepth/.rvm/rubies/ruby-1.8.7-p334/lib/ruby/1.8/webrick/server.rb:173:in `start_thread'
  /home/drusepth/.rvm/rubies/ruby-1.8.7-p334/lib/ruby/1.8/webrick/server.rb:162:in `start'
  /home/drusepth/.rvm/rubies/ruby-1.8.7-p334/lib/ruby/1.8/webrick/server.rb:162:in `start_thread'
  /home/drusepth/.rvm/rubies/ruby-1.8.7-p334/lib/ruby/1.8/webrick/server.rb:95:in `start'
  /home/drusepth/.rvm/rubies/ruby-1.8.7-p334/lib/ruby/1.8/webrick/server.rb:92:in `each'
  /home/drusepth/.rvm/rubies/ruby-1.8.7-p334/lib/ruby/1.8/webrick/server.rb:92:in `start'
  /home/drusepth/.rvm/rubies/ruby-1.8.7-p334/lib/ruby/1.8/webrick/server.rb:23:in `start'
  /home/drusepth/.rvm/rubies/ruby-1.8.7-p334/lib/ruby/1.8/webrick/server.rb:82:in `start'

Rendering rescues/layout (not_found)


Processing ApplicationController#index (for 127.0.0.1 at 2011-06-17 06:06:24) [GET]

ActionController::RoutingError (No route matches "/docs/index" with {:method=>:get}):
  /home/drusepth/.rvm/rubies/ruby-1.8.7-p334/lib/ruby/1.8/webrick/httpserver.rb:104:in `service'
  /home/drusepth/.rvm/rubies/ruby-1.8.7-p334/lib/ruby/1.8/webrick/httpserver.rb:65:in `run'
  /home/drusepth/.rvm/rubies/ruby-1.8.7-p334/lib/ruby/1.8/webrick/server.rb:173:in `start_thread'
  /home/drusepth/.rvm/rubies/ruby-1.8.7-p334/lib/ruby/1.8/webrick/server.rb:162:in `start'
  /home/drusepth/.rvm/rubies/ruby-1.8.7-p334/lib/ruby/1.8/webrick/server.rb:162:in `start_thread'
  /home/drusepth/.rvm/rubies/ruby-1.8.7-p334/lib/ruby/1.8/webrick/server.rb:95:in `start'
  /home/drusepth/.rvm/rubies/ruby-1.8.7-p334/lib/ruby/1.8/webrick/server.rb:92:in `each'
  /home/drusepth/.rvm/rubies/ruby-1.8.7-p334/lib/ruby/1.8/webrick/server.rb:92:in `start'
  /home/drusepth/.rvm/rubies/ruby-1.8.7-p334/lib/ruby/1.8/webrick/server.rb:23:in `start'
  /home/drusepth/.rvm/rubies/ruby-1.8.7-p334/lib/ruby/1.8/webrick/server.rb:82:in `start'

Rendering rescues/layout (not_found)


Processing PagesController#about (for 127.0.0.1 at 2011-06-17 06:06:26) [GET]
Rendering template within layouts/application
Rendering pages/about
Completed in 9ms (View: 3, DB: 0) | 200 OK [http://localhost/pages/about]


Processing PagesController#getting-started (for 127.0.0.1 at 2011-06-17 06:06:29) [GET]
Rendering template within layouts/application
Rendering pages/getting-started
Completed in 11ms (View: 5, DB: 0) | 200 OK [http://localhost/pages/getting-started]


Processing ApplicationController#index (for 127.0.0.1 at 2011-06-17 06:06:31) [GET]

ActionController::RoutingError (No route matches "/downloads/wordpress" with {:method=>:get}):
  /home/drusepth/.rvm/rubies/ruby-1.8.7-p334/lib/ruby/1.8/webrick/httpserver.rb:104:in `service'
  /home/drusepth/.rvm/rubies/ruby-1.8.7-p334/lib/ruby/1.8/webrick/httpserver.rb:65:in `run'
  /home/drusepth/.rvm/rubies/ruby-1.8.7-p334/lib/ruby/1.8/webrick/server.rb:173:in `start_thread'
  /home/drusepth/.rvm/rubies/ruby-1.8.7-p334/lib/ruby/1.8/webrick/server.rb:162:in `start'
  /home/drusepth/.rvm/rubies/ruby-1.8.7-p334/lib/ruby/1.8/webrick/server.rb:162:in `start_thread'
  /home/drusepth/.rvm/rubies/ruby-1.8.7-p334/lib/ruby/1.8/webrick/server.rb:95:in `start'
  /home/drusepth/.rvm/rubies/ruby-1.8.7-p334/lib/ruby/1.8/webrick/server.rb:92:in `each'
  /home/drusepth/.rvm/rubies/ruby-1.8.7-p334/lib/ruby/1.8/webrick/server.rb:92:in `start'
  /home/drusepth/.rvm/rubies/ruby-1.8.7-p334/lib/ruby/1.8/webrick/server.rb:23:in `start'
  /home/drusepth/.rvm/rubies/ruby-1.8.7-p334/lib/ruby/1.8/webrick/server.rb:82:in `start'

Rendering rescues/layout (not_found)
